<?xml version="1.0" encoding="utf-8"?><testsuites name="pytest tests"><testsuite name="pytest" errors="0" failures="0" skipped="0" tests="6" time="2.958" timestamp="2026-05-25T09:36:45.517074+00:00" hostname="agent-env-b0b432bd-3c92-4dff-965e-255d457fb95d"><testcase classname="backend.tests.test_branding.TestGetBranding" name="test_get_unauthenticated_returns_defaults" time="1.136" /><testcase classname="backend.tests.test_branding.TestUpdateBranding" name="test_put_without_auth_returns_401_or_403" time="0.154" /><testcase classname="backend.tests.test_branding.TestUpdateBranding" name="test_put_with_customer_role_returns_403" time="0.478" /><testcase classname="backend.tests.test_branding.TestUpdateBranding" name="test_put_with_admin_updates_and_merges" time="0.228" /><testcase classname="backend.tests.test_branding.TestResetBranding" name="test_reset_requires_admin" time="0.094" /><testcase classname="backend.tests.test_branding.TestResetBranding" name="test_reset_clears_to_defaults" time="0.797" /></testsuite></testsuites>