<?xml version="1.0" encoding="utf-8"?><testsuites name="pytest tests"><testsuite name="pytest" errors="0" failures="0" skipped="0" tests="28" time="6.049" timestamp="2026-05-25T10:08:22.447961+00:00" hostname="agent-env-b0b432bd-3c92-4dff-965e-255d457fb95d"><testcase classname="tests.test_transactions_drill_down.TestTransactionsList" name="test_c001_paginated_shape" time="0.617" /><testcase classname="tests.test_transactions_drill_down.TestTransactionsList" name="test_pagination_page2" time="0.226" /><testcase classname="tests.test_transactions_drill_down.TestTransactionsList" name="test_filter_purchase_only" time="0.109" /><testcase classname="tests.test_transactions_drill_down.TestTransactionsList" name="test_filter_all_returns_everything" time="0.098" /><testcase classname="tests.test_transactions_drill_down.TestTransactionsList" name="test_search_query_case_insensitive" time="0.109" /><testcase classname="tests.test_transactions_drill_down.TestTransactionsList" name="test_search_returns_matching_rows" time="0.107" /><testcase classname="tests.test_transactions_drill_down.TestTransactionsList" name="test_unknown_customer_empty" time="0.103" /><testcase classname="tests.test_transactions_drill_down.TestTransactionsList" name="test_c050_min_transactions" time="0.113" /><testcase classname="tests.test_transactions_drill_down.TestTransactionTypes" name="test_c001_types_shape" time="0.103" /><testcase classname="tests.test_transactions_drill_down.TestTransactionTypes" name="test_unknown_customer_types" time="0.107" /><testcase classname="tests.test_ml_service" name="test_predict_returns_required_keys" time="0.008" /><testcase classname="tests.test_ml_service" name="test_missing_features_zero_filled" time="0.006" /><testcase classname="tests.test_ml_service" name="test_shap_top5_size" time="0.006" /><testcase classname="tests.test_ml_service" name="test_feature_columns_count" time="0.000" /><testcase classname="tests.test_branding.TestGetBranding" name="test_get_unauthenticated_returns_defaults" time="0.416" /><testcase classname="tests.test_branding.TestUpdateBranding" name="test_put_without_auth_returns_401_or_403" time="0.101" /><testcase classname="tests.test_branding.TestUpdateBranding" name="test_put_with_customer_role_returns_403" time="0.433" /><testcase classname="tests.test_branding.TestUpdateBranding" name="test_put_with_admin_updates_and_merges" time="0.202" /><testcase classname="tests.test_branding.TestResetBranding" name="test_reset_requires_admin" time="0.090" /><testcase classname="tests.test_branding.TestResetBranding" name="test_reset_clears_to_defaults" time="0.311" /><testcase classname="tests.test_real_dataset_usd.TestPlatformInfo" name="test_model_registry_real_dataset_usd" time="0.096" /><testcase classname="tests.test_real_dataset_usd.TestDashboardSummary" name="test_dashboard_counts_and_distribution" time="0.429" /><testcase classname="tests.test_real_dataset_usd.TestCustomerAll" name="test_all_customers_usd_range" time="0.126" /><testcase classname="tests.test_real_dataset_usd.TestCustomerProfile" name="test_c001_profile_usd" time="0.098" /><testcase classname="tests.test_real_dataset_usd.TestCustomerProfile" name="test_c009_profile_high_risk" time="0.092" /><testcase classname="tests.test_real_dataset_usd.TestCustomerDecision" name="test_c001_low_expand" time="0.103" /><testcase classname="tests.test_real_dataset_usd.TestCustomerDecision" name="test_c009_high_restrict" time="0.110" /><testcase classname="tests.test_real_dataset_usd.TestSpendChart" name="test_c001_spend_chart_12_months" time="0.102" /></testsuite></testsuites>