<?xml version="1.0" encoding="utf-8"?><testsuites name="pytest tests"><testsuite name="pytest" errors="0" failures="0" skipped="0" tests="15" time="15.929" timestamp="2026-05-15T18:50:27.850611+00:00" hostname="agent-env-b0b432bd-3c92-4dff-965e-255d457fb95d"><testcase classname="backend.tests.test_mlflow" name="test_runs_unauthenticated" time="3.031" /><testcase classname="backend.tests.test_mlflow" name="test_runs_list" time="0.623" /><testcase classname="backend.tests.test_mlflow" name="test_latest" time="0.113" /><testcase classname="backend.tests.test_mlflow" name="test_baseline" time="0.138" /><testcase classname="backend.tests.test_mlflow" name="test_drift_check" time="0.191" /><testcase classname="backend.tests.test_mlflow" name="test_retrain_status" time="0.207" /><testcase classname="backend.tests.test_mlflow" name="test_retrain_admin_ok" time="0.205" /><testcase classname="backend.tests.test_mlflow" name="test_retrain_viewer_forbidden" time="0.995" /><testcase classname="backend.tests.test_mlflow" name="test_retrain_analyst_forbidden" time="0.665" /><testcase classname="backend.tests.test_mlflow" name="test_auto_check_admin" time="0.200" /><testcase classname="backend.tests.test_mlflow" name="test_auto_check_analyst" time="0.126" /><testcase classname="backend.tests.test_mlflow" name="test_auto_check_viewer_forbidden" time="0.115" /><testcase classname="backend.tests.test_mlflow" name="test_pin_baseline_admin" time="8.610" /><testcase classname="backend.tests.test_mlflow" name="test_pin_baseline_viewer_forbidden" time="0.251" /><testcase classname="backend.tests.test_mlflow" name="test_pin_baseline_analyst_forbidden" time="0.256" /></testsuite></testsuites>