<?xml version="1.0" encoding="utf-8"?><testsuites name="pytest tests"><testsuite name="pytest" errors="0" failures="0" skipped="0" tests="15" time="5.067" timestamp="2026-05-15T19:05:01.234928+00:00" hostname="agent-env-b0b432bd-3c92-4dff-965e-255d457fb95d"><testcase classname="tests.test_observability" name="test_stats_unauthenticated" time="0.835" /><testcase classname="tests.test_observability" name="test_stats_shape" time="0.741" /><testcase classname="tests.test_observability" name="test_stats_custom_window" time="0.128" /><testcase classname="tests.test_observability" name="test_state_shape" time="0.116" /><testcase classname="tests.test_observability" name="test_check_admin" time="0.119" /><testcase classname="tests.test_observability" name="test_check_analyst" time="0.663" /><testcase classname="tests.test_observability" name="test_check_viewer_forbidden" time="0.501" /><testcase classname="tests.test_observability" name="test_test_alert_admin_noop" time="0.196" /><testcase classname="tests.test_observability" name="test_test_alert_viewer_forbidden" time="0.119" /><testcase classname="tests.test_observability" name="test_test_alert_analyst_forbidden" time="0.127" /><testcase classname="tests.test_observability" name="test_test_resolve_admin" time="0.138" /><testcase classname="tests.test_observability" name="test_test_resolve_viewer_forbidden" time="0.180" /><testcase classname="tests.test_observability" name="test_simulate_error_admin_increments_counter" time="0.840" /><testcase classname="tests.test_observability" name="test_simulate_error_viewer_forbidden" time="0.127" /><testcase classname="tests.test_observability" name="test_simulate_error_analyst_forbidden" time="0.101" /></testsuite></testsuites>