<?xml version="1.0" encoding="utf-8"?><testsuites name="pytest tests"><testsuite name="pytest" errors="0" failures="0" skipped="0" tests="16" time="6.075" timestamp="2026-05-15T19:20:42.821538+00:00" hostname="agent-env-b0b432bd-3c92-4dff-965e-255d457fb95d"><testcase classname="backend.tests.test_prometheus_metrics.TestMetricsEndpointShape" name="test_unauthenticated_200_and_content_type" time="1.227" /><testcase classname="backend.tests.test_prometheus_metrics.TestMetricsEndpointShape" name="test_help_and_type_lines_present" time="0.124" /><testcase classname="backend.tests.test_prometheus_metrics.TestMetricsEndpointShape" name="test_error_rate_gauge_numeric" time="0.190" /><testcase classname="backend.tests.test_prometheus_metrics.TestMetricsEndpointShape" name="test_risk_tier_pct_sums_to_one" time="0.115" /><testcase classname="backend.tests.test_prometheus_metrics.TestMetricsEndpointShape" name="test_risk_tier_drift_gauges_present" time="0.126" /><testcase classname="backend.tests.test_prometheus_metrics.TestMetricsEndpointShape" name="test_model_gauges_present" time="0.114" /><testcase classname="backend.tests.test_prometheus_metrics.TestMetricsEndpointShape" name="test_high_threshold_is_0_75" time="0.119" /><testcase classname="backend.tests.test_prometheus_metrics.TestMetricsEndpointShape" name="test_histogram_buckets_present" time="0.891" /><testcase classname="backend.tests.test_prometheus_metrics.TestCounterAndLabelNormalization" name="test_dashboard_summary_counter_increases_by_5" time="1.440" /><testcase classname="backend.tests.test_prometheus_metrics.TestCounterAndLabelNormalization" name="test_customer_id_endpoint_label_normalized" time="0.563" /><testcase classname="backend.tests.test_prometheus_metrics.TestErrorCounter" name="test_simulate_error_increments_5xx_counter" time="0.675" /><testcase classname="backend.tests.test_prometheus_metrics.TestMetricsInfoEndpoint" name="test_info_endpoint_200_and_shape" time="0.124" /><testcase classname="backend.tests.test_prometheus_metrics.TestMetricsInfoEndpoint" name="test_info_returns_single_process_in_emergent_runtime" time="0.116" /><testcase classname="backend.tests.test_prometheus_metrics.TestMetricsInfoEndpoint" name="test_info_unauthenticated" time="0.107" /><testcase classname="backend.tests.test_prometheus_metrics.TestMultiprocBootstrap" name="test_bootstrap_module_exports" time="0.001" /><testcase classname="backend.tests.test_prometheus_metrics.TestMultiprocBootstrap" name="test_server_invokes_bootstrap_before_routers" time="0.000" /></testsuite></testsuites>