<?xml version="1.0" encoding="utf-8"?><testsuites name="pytest tests"><testsuite name="pytest" errors="0" failures="0" skipped="0" tests="11" time="5.268" timestamp="2026-05-15T19:13:29.230767+00:00" hostname="agent-env-b0b432bd-3c92-4dff-965e-255d457fb95d"><testcase classname="tests.test_prometheus_metrics.TestMetricsEndpointShape" name="test_unauthenticated_200_and_content_type" time="0.776" /><testcase classname="tests.test_prometheus_metrics.TestMetricsEndpointShape" name="test_help_and_type_lines_present" time="0.131" /><testcase classname="tests.test_prometheus_metrics.TestMetricsEndpointShape" name="test_error_rate_gauge_numeric" time="0.125" /><testcase classname="tests.test_prometheus_metrics.TestMetricsEndpointShape" name="test_risk_tier_pct_sums_to_one" time="0.132" /><testcase classname="tests.test_prometheus_metrics.TestMetricsEndpointShape" name="test_risk_tier_drift_gauges_present" time="0.125" /><testcase classname="tests.test_prometheus_metrics.TestMetricsEndpointShape" name="test_model_gauges_present" time="0.144" /><testcase classname="tests.test_prometheus_metrics.TestMetricsEndpointShape" name="test_high_threshold_is_0_75" time="0.132" /><testcase classname="tests.test_prometheus_metrics.TestMetricsEndpointShape" name="test_histogram_buckets_present" time="0.900" /><testcase classname="tests.test_prometheus_metrics.TestCounterAndLabelNormalization" name="test_dashboard_summary_counter_increases_by_5" time="1.423" /><testcase classname="tests.test_prometheus_metrics.TestCounterAndLabelNormalization" name="test_customer_id_endpoint_label_normalized" time="0.542" /><testcase classname="tests.test_prometheus_metrics.TestErrorCounter" name="test_simulate_error_increments_5xx_counter" time="0.715" /></testsuite></testsuites>