<?xml version="1.0" encoding="utf-8"?><testsuites name="pytest tests"><testsuite name="pytest" errors="0" failures="0" skipped="0" tests="16" time="3.534" timestamp="2026-05-15T18:39:10.304158+00:00" hostname="agent-env-b0b432bd-3c92-4dff-965e-255d457fb95d"><testcase classname="backend.tests.backend_test" name="test_health" time="0.184" /><testcase classname="backend.tests.backend_test" name="test_platform_info" time="0.137" /><testcase classname="backend.tests.backend_test" name="test_login_bad_credentials" time="0.139" /><testcase classname="backend.tests.backend_test" name="test_protected_without_token_returns_401" time="0.169" /><testcase classname="backend.tests.backend_test" name="test_refresh_token" time="0.482" /><testcase classname="backend.tests.backend_test" name="test_dashboard_summary" time="0.501" /><testcase classname="backend.tests.backend_test" name="test_customer_all" time="0.268" /><testcase classname="backend.tests.backend_test" name="test_customer_profile" time="0.107" /><testcase classname="backend.tests.backend_test" name="test_customer_decision" time="0.128" /><testcase classname="backend.tests.backend_test" name="test_customer_full_report" time="0.131" /><testcase classname="backend.tests.backend_test" name="test_customer_spend_chart" time="0.209" /><testcase classname="backend.tests.backend_test" name="test_pipeline_score" time="0.127" /><testcase classname="backend.tests.backend_test" name="test_pipeline_features" time="0.125" /><testcase classname="backend.tests.backend_test" name="test_pipeline_batch" time="0.488" /><testcase classname="backend.tests.backend_test" name="test_agent_chat" time="0.134" /><testcase classname="backend.tests.backend_test" name="test_dashboard_pdf_report" time="0.134" /></testsuite></testsuites>